
> nexus-design@1.0.0 build-storybook
> storybook build --output-dir=C:\Users\Joy\AppData\Local\Temp\chromatic--6196-PJjwKHCbfiYT


[90m┌[39m  Building storybook v10.1.4
[90m│[39m
[32m◇[39m  Cleaning outputDir:
[90m│[39m  [36m../../../AppData/Local/Temp/chromatic--6196-PJjwKHCbfiYT[39m
[90m│[39m
[32m◇[39m  Loading presets
[90m│[39m
[32m◇[39m  Building manager..
[90m│[39m
[34m●[39m  Building preview..
[90m│[39m
[33m▲[39m  No story files found for the specified pattern: [34mstories\**\*.mdx[39m
[90m│[39m
[34m●[39m  Copying static files: [36msrc\assets[39m at
[90m│[39m  [36m..\..\..\AppData\Local\Temp\chromatic--6196-PJjwKHCbfiYT[39m
[90m│[39m  [43mVite[49m [36mvite v7.2.6 [32mbuilding client environment for production...[36m[39m
[90m│[39m  [43mVite[49m transforming...
[90m│[39m
[33m▲[39m  [43mVite[49m [33mnode_modules/devextreme-react/esm/select-box.js (14:0): Module[39m
[90m│[39m  [33mlevel directives cause errors when bundled, "use client" in[39m
[90m│[39m  [33m"node_modules/devextreme-react/esm/select-box.js" was ignored.[39m
[90m│[39m
[33m▲[39m  [43mVite[49m [33mnode_modules/devextreme-react/esm/tag-box.js (14:0): Module level[39m
[90m│[39m  [33mdirectives cause errors when bundled, "use client" in[39m
[90m│[39m  [33m"node_modules/devextreme-react/esm/tag-box.js" was ignored.[39m
[90m│[39m
[33m▲[39m  [43mVite[49m [33mnode_modules/devextreme-react/esm/tooltip.js (14:0): Module level[39m
[90m│[39m  [33mdirectives cause errors when bundled, "use client" in[39m
[90m│[39m  [33m"node_modules/devextreme-react/esm/tooltip.js" was ignored.[39m
[90m│[39m
[33m▲[39m  [43mVite[49m [33mnode_modules/devextreme-react/esm/date-box.js (14:0): Module[39m
[90m│[39m  [33mlevel directives cause errors when bundled, "use client" in[39m
[90m│[39m  [33m"node_modules/devextreme-react/esm/date-box.js" was ignored.[39m
[90m│[39m
[33m▲[39m  [43mVite[49m [33mnode_modules/devextreme-react/esm/date-range-box.js (14:0):[39m
[90m│[39m  [33mModule level directives cause errors when bundled, "use client" in[39m
[90m│[39m  [33m"node_modules/devextreme-react/esm/date-range-box.js" was ignored.[39m
[90m│[39m
[33m▲[39m  [43mVite[49m [33mnode_modules/react-router/dist/development/index.mjs (11:0):[39m
[90m│[39m  [33mModule level directives cause errors when bundled, "use client" in[39m
[90m│[39m  [33m"node_modules/react-router/dist/development/index.mjs" was ignored.[39m
[90m│[39m
[33m▲[39m  [43mVite[49m [33mnode_modules/react-router/dist/development/dom-export.mjs (1:0):[39m
[90m│[39m  [33mModule level directives cause errors when bundled, "use client" in[39m
[90m│[39m  [33m"node_modules/react-router/dist/development/dom-export.mjs" was[39m
[90m│[39m  [33mignored.[39m
[90m│[39m
[33m▲[39m  [43mVite[49m [33mnode_modules/devextreme-react/esm/core/template.js (14:0): Module[39m
[90m│[39m  [33mlevel directives cause errors when bundled, "use client" in[39m
[90m│[39m  [33m"node_modules/devextreme-react/esm/core/template.js" was ignored.[39m
[90m│[39m
[33m▲[39m  [43mVite[49m [33mnode_modules/devextreme-react/esm/data-grid.js (14:0): Module[39m
[90m│[39m  [33mlevel directives cause errors when bundled, "use client" in[39m
[90m│[39m  [33m"node_modules/devextreme-react/esm/data-grid.js" was ignored.[39m
[90m│[39m
[33m▲[39m  [43mVite[49m
[90m│[39m  /images/down_icon_2.png referenced in /images/down_icon_2.png didn't
[90m│[39m  resolve at build time, it will remain unchanged to be resolved at
[90m│[39m  runtime
[90m│[39m
[33m▲[39m  [43mVite[49m
[90m│[39m  /images/down_icon_1.png referenced in /images/down_icon_1.png didn't
[90m│[39m  resolve at build time, it will remain unchanged to be resolved at
[90m│[39m  runtime
[90m│[39m
[33m▲[39m  [43mVite[49m
[90m│[39m  /images/tab_left.png referenced in /images/tab_left.png didn't resolve
[90m│[39m  at build time, it will remain unchanged to be resolved at runtime
[90m│[39m
[33m▲[39m  [43mVite[49m
[90m│[39m  /images/tab_right.png referenced in /images/tab_right.png didn't
[90m│[39m  resolve at build time, it will remain unchanged to be resolved at
[90m│[39m  runtime
[90m│[39m
[33m▲[39m  [43mVite[49m
[90m│[39m  /images/bookm_off.png referenced in /images/bookm_off.png didn't
[90m│[39m  resolve at build time, it will remain unchanged to be resolved at
[90m│[39m  runtime
[90m│[39m
[33m▲[39m  [43mVite[49m
[90m│[39m  /images/bookm_on.png referenced in /images/bookm_on.png didn't resolve
[90m│[39m  at build time, it will remain unchanged to be resolved at runtime
[90m│[39m
[33m▲[39m  [43mVite[49m
[90m│[39m  /images/tab_plus.png referenced in /images/tab_plus.png didn't resolve
[90m│[39m  at build time, it will remain unchanged to be resolved at runtime
[90m│[39m
[33m▲[39m  [43mVite[49m
[90m│[39m  /images/input_sear.png referenced in /images/input_sear.png didn't
[90m│[39m  resolve at build time, it will remain unchanged to be resolved at
[90m│[39m  runtime
[90m│[39m
[33m▲[39m  [43mVite[49m
[90m│[39m  /images/check_off.png referenced in /images/check_off.png didn't
[90m│[39m  resolve at build time, it will remain unchanged to be resolved at
[90m│[39m  runtime
[90m│[39m
[33m▲[39m  [43mVite[49m
[90m│[39m  /images/check_on.png referenced in /images/check_on.png didn't resolve
[90m│[39m  at build time, it will remain unchanged to be resolved at runtime
[90m│[39m
[33m▲[39m  [43mVite[49m
[90m│[39m  /images/check_indeterminate.png referenced in
[90m│[39m  /images/check_indeterminate.png didn't resolve at build time, it will
[90m│[39m  remain unchanged to be resolved at runtime
[90m│[39m
[33m▲[39m  [43mVite[49m
[90m│[39m  /images/Search_arr_off.png referenced in /images/Search_arr_off.png
[90m│[39m  didn't resolve at build time, it will remain unchanged to be resolved
[90m│[39m  at runtime
[90m│[39m
[33m▲[39m  [43mVite[49m
[90m│[39m  /images/item-arrow-right.png referenced in
[90m│[39m  /images/item-arrow-right.png didn't resolve at build time, it will
[90m│[39m  remain unchanged to be resolved at runtime
[90m│[39m
[33m▲[39m  [43mVite[49m
[90m│[39m  /images/leftmenu_close_on.png referenced in
[90m│[39m  /images/leftmenu_close_on.png didn't resolve at build time, it will
[90m│[39m  remain unchanged to be resolved at runtime
[90m│[39m
[33m▲[39m  [43mVite[49m
[90m│[39m  /images/leftmenu_arr_off.png referenced in
[90m│[39m  /images/leftmenu_arr_off.png didn't resolve at build time, it will
[90m│[39m  remain unchanged to be resolved at runtime
[90m│[39m
[33m▲[39m  [43mVite[49m
[90m│[39m  /images/leftmenu_arr_on.png referenced in /images/leftmenu_arr_on.png
[90m│[39m  didn't resolve at build time, it will remain unchanged to be resolved
[90m│[39m  at runtime
[90m│[39m
[33m▲[39m  [43mVite[49m
[90m│[39m  /images/leftmenu_close_off.png referenced in
[90m│[39m  /images/leftmenu_close_off.png didn't resolve at build time, it will
[90m│[39m  remain unchanged to be resolved at runtime
[90m│[39m
[33m▲[39m  [43mVite[49m
[90m│[39m  /images/ticket_off.png referenced in /images/ticket_off.png didn't
[90m│[39m  resolve at build time, it will remain unchanged to be resolved at
[90m│[39m  runtime
[90m│[39m
[33m▲[39m  [43mVite[49m
[90m│[39m  /images/list_off.png referenced in /images/list_off.png didn't resolve
[90m│[39m  at build time, it will remain unchanged to be resolved at runtime
[90m│[39m
[33m▲[39m  [43mVite[49m
[90m│[39m  /images/aiagent_off.png referenced in /images/aiagent_off.png didn't
[90m│[39m  resolve at build time, it will remain unchanged to be resolved at
[90m│[39m  runtime
[90m│[39m
[33m▲[39m  [43mVite[49m
[90m│[39m  /images/monitor_off.png referenced in /images/monitor_off.png didn't
[90m│[39m  resolve at build time, it will remain unchanged to be resolved at
[90m│[39m  runtime
[90m│[39m
[33m▲[39m  [43mVite[49m
[90m│[39m  /images/analyzer_off.png referenced in /images/analyzer_off.png didn't
[90m│[39m  resolve at build time, it will remain unchanged to be resolved at
[90m│[39m  runtime
[90m│[39m
[33m▲[39m  [43mVite[49m
[90m│[39m  /images/settings_off.png referenced in /images/settings_off.png didn't
[90m│[39m  resolve at build time, it will remain unchanged to be resolved at
[90m│[39m  runtime
[90m│[39m
[33m▲[39m  [43mVite[49m
[90m│[39m  /images/scenario_off.png referenced in /images/scenario_off.png didn't
[90m│[39m  resolve at build time, it will remain unchanged to be resolved at
[90m│[39m  runtime
[90m│[39m
[33m▲[39m  [43mVite[49m
[90m│[39m  /images/schedule_off.png referenced in /images/schedule_off.png didn't
[90m│[39m  resolve at build time, it will remain unchanged to be resolved at
[90m│[39m  runtime
[90m│[39m
[33m▲[39m  [43mVite[49m
[90m│[39m  /images/control_off.png referenced in /images/control_off.png didn't
[90m│[39m  resolve at build time, it will remain unchanged to be resolved at
[90m│[39m  runtime
[90m│[39m
[33m▲[39m  [43mVite[49m
[90m│[39m  /images/favorites_off.png referenced in /images/favorites_off.png
[90m│[39m  didn't resolve at build time, it will remain unchanged to be resolved
[90m│[39m  at runtime
[90m│[39m
[33m▲[39m  [43mVite[49m
[90m│[39m  /images/ticket_on.png referenced in /images/ticket_on.png didn't
[90m│[39m  resolve at build time, it will remain unchanged to be resolved at
[90m│[39m  runtime
[90m│[39m
[33m▲[39m  [43mVite[49m
[90m│[39m  /images/list_on.png referenced in /images/list_on.png didn't resolve
[90m│[39m  at build time, it will remain unchanged to be resolved at runtime
[90m│[39m
[33m▲[39m  [43mVite[49m
[90m│[39m  /images/aiagent_on.png referenced in /images/aiagent_on.png didn't
[90m│[39m  resolve at build time, it will remain unchanged to be resolved at
[90m│[39m  runtime
[90m│[39m
[33m▲[39m  [43mVite[49m
[90m│[39m  /images/monitor_on.png referenced in /images/monitor_on.png didn't
[90m│[39m  resolve at build time, it will remain unchanged to be resolved at
[90m│[39m  runtime
[90m│[39m
[33m▲[39m  [43mVite[49m
[90m│[39m  /images/analyzer_on.png referenced in /images/analyzer_on.png didn't
[90m│[39m  resolve at build time, it will remain unchanged to be resolved at
[90m│[39m  runtime
[90m│[39m
[33m▲[39m  [43mVite[49m
[90m│[39m  /images/settings_on.png referenced in /images/settings_on.png didn't
[90m│[39m  resolve at build time, it will remain unchanged to be resolved at
[90m│[39m  runtime
[90m│[39m
[33m▲[39m  [43mVite[49m
[90m│[39m  /images/scenario_on.png referenced in /images/scenario_on.png didn't
[90m│[39m  resolve at build time, it will remain unchanged to be resolved at
[90m│[39m  runtime
[90m│[39m
[33m▲[39m  [43mVite[49m
[90m│[39m  /images/schedule_on.png referenced in /images/schedule_on.png didn't
[90m│[39m  resolve at build time, it will remain unchanged to be resolved at
[90m│[39m  runtime
[90m│[39m
[33m▲[39m  [43mVite[49m
[90m│[39m  /images/control_on.png referenced in /images/control_on.png didn't
[90m│[39m  resolve at build time, it will remain unchanged to be resolved at
[90m│[39m  runtime
[90m│[39m
[33m▲[39m  [43mVite[49m
[90m│[39m  /images/favorites_on.png referenced in /images/favorites_on.png didn't
[90m│[39m  resolve at build time, it will remain unchanged to be resolved at
[90m│[39m  runtime
[90m│[39m
[33m▲[39m  [43mVite[49m
[90m│[39m  /images/icon_chat.png referenced in /images/icon_chat.png didn't
[90m│[39m  resolve at build time, it will remain unchanged to be resolved at
[90m│[39m  runtime
[90m│[39m
[33m▲[39m  [43mVite[49m
[90m│[39m  /images/icon_incall.png referenced in /images/icon_incall.png didn't
[90m│[39m  resolve at build time, it will remain unchanged to be resolved at
[90m│[39m  runtime
[90m│[39m
[33m▲[39m  [43mVite[49m
[90m│[39m  /images/icon_outcall.png referenced in /images/icon_outcall.png didn't
[90m│[39m  resolve at build time, it will remain unchanged to be resolved at
[90m│[39m  runtime
[90m│[39m
[33m▲[39m  [43mVite[49m
[90m│[39m  /images/icon_inmail.png referenced in /images/icon_inmail.png didn't
[90m│[39m  resolve at build time, it will remain unchanged to be resolved at
[90m│[39m  runtime
[90m│[39m
[33m▲[39m  [43mVite[49m
[90m│[39m  /images/icon_outmail.png referenced in /images/icon_outmail.png didn't
[90m│[39m  resolve at build time, it will remain unchanged to be resolved at
[90m│[39m  runtime
[90m│[39m
[33m▲[39m  [43mVite[49m
[90m│[39m  /images/icon_noncall.png referenced in /images/icon_noncall.png didn't
[90m│[39m  resolve at build time, it will remain unchanged to be resolved at
[90m│[39m  runtime
[90m│[39m
[33m▲[39m  [43mVite[49m
[90m│[39m  /images/channel_kakao.png referenced in /images/channel_kakao.png
[90m│[39m  didn't resolve at build time, it will remain unchanged to be resolved
[90m│[39m  at runtime
[90m│[39m
[33m▲[39m  [43mVite[49m
[90m│[39m  /images/channel_facebook.png referenced in
[90m│[39m  /images/channel_facebook.png didn't resolve at build time, it will
[90m│[39m  remain unchanged to be resolved at runtime
[90m│[39m  [43mVite[49m [32m✓[39m 1092 modules transformed.
[90m│[39m  [43mVite[49m rendering chunks...
[90m│[39m  [43mVite[49m computing gzip size...
[90m│[39m  [43mVite[49m
[90m│[39m  [2m../../../AppData/Local/Temp/chromatic--6196-PJjwKHCbfiYT/[22m[32massets/dxicons-DtmaKHs_.woff2[39m[1m[2m[22m
[90m│[39m  [2m16.98 kB[22m[1m[22m
[90m│[39m  [43mVite[49m
[90m│[39m  [2m../../../AppData/Local/Temp/chromatic--6196-PJjwKHCbfiYT/[22m[32miframe.html[39m[1m[2m[22m
[90m│[39m  [2m18.22 kB[22m[1m[22m[2m │ gzip:   5.10 kB[22m
[90m│[39m  [43mVite[49m
[90m│[39m  [2m../../../AppData/Local/Temp/chromatic--6196-PJjwKHCbfiYT/[22m[32massets/dxicons-BxmSwSDd.ttf[39m[1m[2m[22m
[90m│[39m  [2m41.06 kB[22m[1m[22m
[90m│[39m  [43mVite[49m
[90m│[39m  [2m../../../AppData/Local/Temp/chromatic--6196-PJjwKHCbfiYT/[22m[32massets/dxicons-28s0NvAA.woff[39m[1m[2m[22m
[90m│[39m  [2m41.14 kB[22m[1m[22m
[90m│[39m  [43mVite[49m
[90m│[39m  [2m../../../AppData/Local/Temp/chromatic--6196-PJjwKHCbfiYT/[22m[35massets/TimeRangePicker-tn0RQdqM.css[39m[1m[2m[22m
[90m│[39m  [2m0.00 kB[22m[1m[22m[2m │ gzip:   0.02 kB[22m
[90m│[39m  [43mVite[49m
[90m│[39m  [2m../../../AppData/Local/Temp/chromatic--6196-PJjwKHCbfiYT/[22m[35massets/Switch-C0jlOSsN.css[39m[1m[2m[22m
[90m│[39m  [2m0.66 kB[22m[1m[22m[2m │ gzip:   0.32 kB[22m
[90m│[39m  [43mVite[49m
[90m│[39m  [2m../../../AppData/Local/Temp/chromatic--6196-PJjwKHCbfiYT/[22m[35massets/Input-BM0xXVAD.css[39m[1m[2m[22m
[90m│[39m  [2m0.82 kB[22m[1m[22m[2m │ gzip:   0.41 kB[22m
[90m│[39m  [43mVite[49m
[90m│[39m  [2m../../../AppData/Local/Temp/chromatic--6196-PJjwKHCbfiYT/[22m[35massets/Checkbox-DbwXoAOR.css[39m[1m[2m[22m
[90m│[39m  [2m0.98 kB[22m[1m[22m[2m │ gzip:   0.40 kB[22m
[90m│[39m  [43mVite[49m
[90m│[39m  [2m../../../AppData/Local/Temp/chromatic--6196-PJjwKHCbfiYT/[22m[35massets/Button-DAyrg01Z.css[39m[1m[2m[22m
[90m│[39m  [2m1.06 kB[22m[1m[22m[2m │ gzip:   0.35 kB[22m
[90m│[39m  [43mVite[49m
[90m│[39m  [2m../../../AppData/Local/Temp/chromatic--6196-PJjwKHCbfiYT/[22m[35massets/RadioBox-CG-E3IvD.css[39m[1m[2m[22m
[90m│[39m  [2m1.09 kB[22m[1m[22m[2m │ gzip:   0.43 kB[22m
[90m│[39m  [43mVite[49m
[90m│[39m  [2m../../../AppData/Local/Temp/chromatic--6196-PJjwKHCbfiYT/[22m[35massets/12-NEXUS-SearchCondition-DniC3Ct4.css[39m[1m[2m[22m
[90m│[39m  [2m1.41 kB[22m[1m[22m[2m │ gzip:   0.57 kB[22m
[90m│[39m  [43mVite[49m
[90m│[39m  [2m../../../AppData/Local/Temp/chromatic--6196-PJjwKHCbfiYT/[22m[35massets/Select-BxcgtjYH.css[39m[1m[2m[22m
[90m│[39m  [2m1.84 kB[22m[1m[22m[2m │ gzip:   0.71 kB[22m
[90m│[39m  [43mVite[49m
[90m│[39m  [2m../../../AppData/Local/Temp/chromatic--6196-PJjwKHCbfiYT/[22m[35massets/14-NEXUS-SubNavigation-C3ehaXLy.css[39m[1m[2m[22m
[90m│[39m  [2m2.19 kB[22m[1m[22m[2m │ gzip:   0.77 kB[22m
[90m│[39m  [43mVite[49m
[90m│[39m  [2m../../../AppData/Local/Temp/chromatic--6196-PJjwKHCbfiYT/[22m[35massets/Tooltip-Be19lqx0.css[39m[1m[2m[22m
[90m│[39m  [2m2.49 kB[22m[1m[22m[2m │ gzip:   1.01 kB[22m
[90m│[39m  [43mVite[49m
[90m│[39m  [2m../../../AppData/Local/Temp/chromatic--6196-PJjwKHCbfiYT/[22m[35massets/13-NEXUS-Sidebar-BlMjGYNP.css[39m[1m[2m[22m
[90m│[39m  [2m2.72 kB[22m[1m[22m[2m │ gzip:   0.65 kB[22m
[90m│[39m  [43mVite[49m
[90m│[39m  [2m../../../AppData/Local/Temp/chromatic--6196-PJjwKHCbfiYT/[22m[35massets/index-WVQA69Oa.css[39m[1m[2m[22m
[90m│[39m  [2m4.94 kB[22m[1m[22m[2m │ gzip:   1.30 kB[22m
[90m│[39m  [43mVite[49m
[90m│[39m  [2m../../../AppData/Local/Temp/chromatic--6196-PJjwKHCbfiYT/[22m[35massets/15-NEXUS-Tab-DmGKR35U.css[39m[1m[2m[22m
[90m│[39m  [2m5.50 kB[22m[1m[22m[2m │ gzip:   1.39 kB[22m
[90m│[39m  [43mVite[49m
[90m│[39m  [2m../../../AppData/Local/Temp/chromatic--6196-PJjwKHCbfiYT/[22m[35massets/17-NEXUS-DataGrid-DvGLbzKG.css[39m[1m[2m[22m
[90m│[39m  [2m9.45 kB[22m[1m[22m[2m │ gzip:   1.76 kB[22m
[90m│[39m  [43mVite[49m
[90m│[39m  [2m../../../AppData/Local/Temp/chromatic--6196-PJjwKHCbfiYT/[22m[35massets/16-NEXUS-CustomerCard-D56jA5DC.css[39m[1m[2m[22m
[90m│[39m  [2m9.88 kB[22m[1m[22m[2m │ gzip:   2.57 kB[22m
[90m│[39m  [43mVite[49m
[90m│[39m  [2m../../../AppData/Local/Temp/chromatic--6196-PJjwKHCbfiYT/[22m[35massets/iframe-BDamnb84.css[39m[1m[2m[22m
[90m│[39m  [2m688.58 kB[22m[1m[22m[2m │ gzip:  98.07 kB[22m
[90m│[39m  [43mVite[49m
[90m│[39m  [2m../../../AppData/Local/Temp/chromatic--6196-PJjwKHCbfiYT/[22m[36massets/index-C1PCOuEV.js[39m[1m[2m[22m
[90m│[39m  [2m0.13 kB[22m[1m[22m[2m │ gzip:   0.12 kB[22m
[90m│[39m  [43mVite[49m
[90m│[39m  [2m../../../AppData/Local/Temp/chromatic--6196-PJjwKHCbfiYT/[22m[36massets/formatter-QJ4M4OGQ-BKa2d_Fn.js[39m[1m[2m[22m
[90m│[39m  [2m0.31 kB[22m[1m[22m[2m │ gzip:   0.24 kB[22m
[90m│[39m  [43mVite[49m
[90m│[39m  [2m../../../AppData/Local/Temp/chromatic--6196-PJjwKHCbfiYT/[22m[36massets/index-DxmygtK3.js[39m[1m[2m[22m
[90m│[39m  [2m0.46 kB[22m[1m[22m[2m │ gzip:   0.30 kB[22m
[90m│[39m  [43mVite[49m
[90m│[39m  [2m../../../AppData/Local/Temp/chromatic--6196-PJjwKHCbfiYT/[22m[36massets/preload-helper-PPVm8Dsz.js[39m[1m[2m[22m
[90m│[39m  [2m1.23 kB[22m[1m[22m[2m │ gzip:   0.71 kB[22m
[90m│[39m  [43mVite[49m
[90m│[39m  [2m../../../AppData/Local/Temp/chromatic--6196-PJjwKHCbfiYT/[22m[36massets/Button-DCvPPMjE.js[39m[1m[2m[22m
[90m│[39m  [2m1.33 kB[22m[1m[22m[2m │ gzip:   0.73 kB[22m
[90m│[39m  [43mVite[49m
[90m│[39m  [2m../../../AppData/Local/Temp/chromatic--6196-PJjwKHCbfiYT/[22m[36massets/Switch-DFpBMD4w.js[39m[1m[2m[22m
[90m│[39m  [2m1.48 kB[22m[1m[22m[2m │ gzip:   0.80 kB[22m
[90m│[39m  [43mVite[49m
[90m│[39m  [2m../../../AppData/Local/Temp/chromatic--6196-PJjwKHCbfiYT/[22m[36massets/RadioBox-C9Z-brzJ.js[39m[1m[2m[22m
[90m│[39m  [2m2.24 kB[22m[1m[22m[2m │ gzip:   1.01 kB[22m
[90m│[39m  [43mVite[49m
[90m│[39m  [2m../../../AppData/Local/Temp/chromatic--6196-PJjwKHCbfiYT/[22m[36massets/Checkbox-yBy8jL5b.js[39m[1m[2m[22m
[90m│[39m  [2m2.65 kB[22m[1m[22m[2m │ gzip:   1.22 kB[22m
[90m│[39m  [43mVite[49m
[90m│[39m  [2m../../../AppData/Local/Temp/chromatic--6196-PJjwKHCbfiYT/[22m[36massets/06-Button.stories-DSEY47Wq.js[39m[1m[2m[22m
[90m│[39m  [2m2.67 kB[22m[1m[22m[2m │ gzip:   1.17 kB[22m
[90m│[39m  [43mVite[49m
[90m│[39m  [2m../../../AppData/Local/Temp/chromatic--6196-PJjwKHCbfiYT/[22m[36massets/Tooltip-3zEtAMnn.js[39m[1m[2m[22m
[90m│[39m  [2m2.80 kB[22m[1m[22m[2m │ gzip:   1.23 kB[22m
[90m│[39m  [43mVite[49m
[90m│[39m  [2m../../../AppData/Local/Temp/chromatic--6196-PJjwKHCbfiYT/[22m[36massets/Select-B3QJk8GQ.js[39m[1m[2m[22m
[90m│[39m  [2m3.18 kB[22m[1m[22m[2m │ gzip:   1.46 kB[22m
[90m│[39m  [43mVite[49m
[90m│[39m  [2m../../../AppData/Local/Temp/chromatic--6196-PJjwKHCbfiYT/[22m[36massets/02-Switch.stories-DrXT7xr2.js[39m[1m[2m[22m
[90m│[39m  [2m3.55 kB[22m[1m[22m[2m │ gzip:   1.29 kB[22m
[90m│[39m  [43mVite[49m
[90m│[39m  [2m../../../AppData/Local/Temp/chromatic--6196-PJjwKHCbfiYT/[22m[36massets/Input-XboyuSqY.js[39m[1m[2m[22m
[90m│[39m  [2m3.58 kB[22m[1m[22m[2m │ gzip:   1.08 kB[22m
[90m│[39m  [43mVite[49m
[90m│[39m  [2m../../../AppData/Local/Temp/chromatic--6196-PJjwKHCbfiYT/[22m[36massets/01-Checkbox.stories-ejkcF90q.js[39m[1m[2m[22m
[90m│[39m  [2m3.62 kB[22m[1m[22m[2m │ gzip:   1.26 kB[22m
[90m│[39m  [43mVite[49m
[90m│[39m  [2m../../../AppData/Local/Temp/chromatic--6196-PJjwKHCbfiYT/[22m[36massets/index-yNtFI_Xc.js[39m[1m[2m[22m
[90m│[39m  [2m3.66 kB[22m[1m[22m[2m │ gzip:   1.38 kB[22m
[90m│[39m  [43mVite[49m
[90m│[39m  [2m../../../AppData/Local/Temp/chromatic--6196-PJjwKHCbfiYT/[22m[36massets/13-NEXUS-Sidebar.stories-vE9Y0h_G.js[39m[1m[2m[22m
[90m│[39m  [2m3.78 kB[22m[1m[22m[2m │ gzip:   1.57 kB[22m
[90m│[39m  [43mVite[49m
[90m│[39m  [2m../../../AppData/Local/Temp/chromatic--6196-PJjwKHCbfiYT/[22m[36massets/select-box-BaZBfKqj.js[39m[1m[2m[22m
[90m│[39m  [2m4.88 kB[22m[1m[22m[2m │ gzip:   1.10 kB[22m
[90m│[39m  [43mVite[49m
[90m│[39m  [2m../../../AppData/Local/Temp/chromatic--6196-PJjwKHCbfiYT/[22m[36massets/11-DrillDownSelect.stories-BXdqJwk8.js[39m[1m[2m[22m
[90m│[39m  [2m6.71 kB[22m[1m[22m[2m │ gzip:   2.55 kB[22m
[90m│[39m  [43mVite[49m
[90m│[39m  [2m../../../AppData/Local/Temp/chromatic--6196-PJjwKHCbfiYT/[22m[36massets/03-RadioBox.stories-BXgxAgJP.js[39m[1m[2m[22m
[90m│[39m  [2m6.72 kB[22m[1m[22m[2m │ gzip:   1.98 kB[22m
[90m│[39m  [43mVite[49m
[90m│[39m  [2m../../../AppData/Local/Temp/chromatic--6196-PJjwKHCbfiYT/[22m[36massets/14-NEXUS-SubNavigation.stories-CpQbmTrS.js[39m[1m[2m[22m
[90m│[39m  [2m7.11 kB[22m[1m[22m[2m │ gzip:   2.68 kB[22m
[90m│[39m  [43mVite[49m
[90m│[39m  [2m../../../AppData/Local/Temp/chromatic--6196-PJjwKHCbfiYT/[22m[36massets/TimeRangePicker-BpPSgAj3.js[39m[1m[2m[22m
[90m│[39m  [2m8.09 kB[22m[1m[22m[2m │ gzip:   1.82 kB[22m
[90m│[39m  [43mVite[49m
[90m│[39m  [2m../../../AppData/Local/Temp/chromatic--6196-PJjwKHCbfiYT/[22m[36massets/18-NEXUS-Tooltip.stories-D2kmu3OJ.js[39m[1m[2m[22m
[90m│[39m  [2m8.13 kB[22m[1m[22m[2m │ gzip:   1.97 kB[22m
[90m│[39m  [43mVite[49m
[90m│[39m  [2m../../../AppData/Local/Temp/chromatic--6196-PJjwKHCbfiYT/[22m[36massets/05-Select.stories-C9fxb2wK.js[39m[1m[2m[22m
[90m│[39m  [2m8.42 kB[22m[1m[22m[2m │ gzip:   2.35 kB[22m
[90m│[39m  [43mVite[49m
[90m│[39m  [2m../../../AppData/Local/Temp/chromatic--6196-PJjwKHCbfiYT/[22m[36massets/07-Input.stories-o8N_PeYq.js[39m[1m[2m[22m
[90m│[39m  [2m8.61 kB[22m[1m[22m[2m │ gzip:   1.79 kB[22m
[90m│[39m  [43mVite[49m
[90m│[39m  [2m../../../AppData/Local/Temp/chromatic--6196-PJjwKHCbfiYT/[22m[36massets/07-DevExtreme-SelectBox.stories-B7xsAIRh.js[39m[1m[2m[22m
[90m│[39m  [2m10.43 kB[22m[1m[22m[2m │ gzip:   2.89 kB[22m
[90m│[39m  [43mVite[49m
[90m│[39m  [2m../../../AppData/Local/Temp/chromatic--6196-PJjwKHCbfiYT/[22m[36massets/08-DevExtreme-DatePicker.stories-C2GVvmdM.js[39m[1m[2m[22m
[90m│[39m  [2m10.54 kB[22m[1m[22m[2m │ gzip:   2.68 kB[22m
[90m│[39m  [43mVite[49m
[90m│[39m  [2m../../../AppData/Local/Temp/chromatic--6196-PJjwKHCbfiYT/[22m[36massets/index-CwzEwNKE.js[39m[1m[2m[22m
[90m│[39m  [2m16.79 kB[22m[1m[22m[2m │ gzip:   5.05 kB[22m
[90m│[39m  [43mVite[49m
[90m│[39m  [2m../../../AppData/Local/Temp/chromatic--6196-PJjwKHCbfiYT/[22m[36massets/_09-DevExtreme-Combined.stories-BetSuwJF.js[39m[1m[2m[22m
[90m│[39m  [2m23.96 kB[22m[1m[22m[2m │ gzip:   3.83 kB[22m
[90m│[39m  [43mVite[49m
[90m│[39m  [2m../../../AppData/Local/Temp/chromatic--6196-PJjwKHCbfiYT/[22m[36massets/16-NEXUS-CustomerCard.stories-BrnpD8O2.js[39m[1m[2m[22m
[90m│[39m  [2m24.09 kB[22m[1m[22m[2m │ gzip:   5.41 kB[22m
[90m│[39m  [43mVite[49m
[90m│[39m  [2m../../../AppData/Local/Temp/chromatic--6196-PJjwKHCbfiYT/[22m[36mvite-inject-mocker-entry.js[39m[1m[2m[22m
[90m│[39m  [2m28.30 kB[22m[1m[22m[2m │ gzip:   9.84 kB[22m
[90m│[39m  [43mVite[49m
[90m│[39m  [2m../../../AppData/Local/Temp/chromatic--6196-PJjwKHCbfiYT/[22m[36massets/matchers-DMFSMG2O-HJu_DfWo.js[39m[1m[2m[22m
[90m│[39m  [2m29.23 kB[22m[1m[22m[2m │ gzip:  10.06 kB[22m
[90m│[39m  [43mVite[49m
[90m│[39m  [2m../../../AppData/Local/Temp/chromatic--6196-PJjwKHCbfiYT/[22m[36massets/tag-box-DrAhS3zj.js[39m[1m[2m[22m
[90m│[39m  [2m29.87 kB[22m[1m[22m[2m │ gzip:   8.21 kB[22m
[90m│[39m  [43mVite[49m
[90m│[39m  [2m../../../AppData/Local/Temp/chromatic--6196-PJjwKHCbfiYT/[22m[36massets/chunk-WWGJGFF6-r4N30Z07.js[39m[1m[2m[22m
[90m│[39m  [2m29.94 kB[22m[1m[22m[2m │ gzip:  11.14 kB[22m
[90m│[39m  [43mVite[49m
[90m│[39m  [2m../../../AppData/Local/Temp/chromatic--6196-PJjwKHCbfiYT/[22m[36massets/Color-ASIRERSW-BApvR1Tp.js[39m[1m[2m[22m
[90m│[39m  [2m29.99 kB[22m[1m[22m[2m │ gzip:  11.39 kB[22m
[90m│[39m  [43mVite[49m
[90m│[39m  [2m../../../AppData/Local/Temp/chromatic--6196-PJjwKHCbfiYT/[22m[36massets/12-NEXUS-SearchCondition.stories-BjM_WHXW.js[39m[1m[2m[22m
[90m│[39m  [2m31.01 kB[22m[1m[22m[2m │ gzip:   5.91 kB[22m
[90m│[39m  [43mVite[49m
[90m│[39m  [2m../../../AppData/Local/Temp/chromatic--6196-PJjwKHCbfiYT/[22m[36massets/WithTooltip-IO6J4KBT-DinbGON7.js[39m[1m[2m[22m
[90m│[39m  [2m33.13 kB[22m[1m[22m[2m │ gzip:  11.67 kB[22m
[90m│[39m  [43mVite[49m
[90m│[39m  [2m../../../AppData/Local/Temp/chromatic--6196-PJjwKHCbfiYT/[22m[36massets/date-range-box-BFTFzAb_.js[39m[1m[2m[22m
[90m│[39m  [2m36.10 kB[22m[1m[22m[2m │ gzip:   7.96 kB[22m
[90m│[39m  [43mVite[49m
[90m│[39m  [2m../../../AppData/Local/Temp/chromatic--6196-PJjwKHCbfiYT/[22m[36massets/10-DevExtreme-TagBox.stories-DqHco3vC.js[39m[1m[2m[22m
[90m│[39m  [2m49.95 kB[22m[1m[22m[2m │ gzip:  11.00 kB[22m
[90m│[39m  [43mVite[49m
[90m│[39m  [2m../../../AppData/Local/Temp/chromatic--6196-PJjwKHCbfiYT/[22m[36massets/15-NEXUS-Tab.stories-CKsSQN9Q.js[39m[1m[2m[22m
[90m│[39m  [2m75.09 kB[22m[1m[22m[2m │ gzip:  21.60 kB[22m
[90m│[39m  [43mVite[49m
[90m│[39m  [2m../../../AppData/Local/Temp/chromatic--6196-PJjwKHCbfiYT/[22m[36massets/syntaxhighlighter-IQDEPFLK-DLzePw2X.js[39m[1m[2m[22m
[90m│[39m  [2m77.98 kB[22m[1m[22m[2m │ gzip:  27.35 kB[22m
[90m│[39m  [43mVite[49m
[90m│[39m  [2m../../../AppData/Local/Temp/chromatic--6196-PJjwKHCbfiYT/[22m[36massets/m_date_box-BrhwREY0.js[39m[1m[2m[22m
[90m│[39m  [2m153.13 kB[22m[1m[22m[2m │ gzip:  41.18 kB[22m
[90m│[39m  [43mVite[49m
[90m│[39m  [2m../../../AppData/Local/Temp/chromatic--6196-PJjwKHCbfiYT/[22m[36massets/react-18-BsBk2fDy.js[39m[1m[2m[22m
[90m│[39m  [2m181.27 kB[22m[1m[22m[2m │ gzip:  57.05 kB[22m
[90m│[39m  [43mVite[49m
[90m│[39m  [2m../../../AppData/Local/Temp/chromatic--6196-PJjwKHCbfiYT/[22m[36massets/axe-Dy4i1aqM.js[39m[1m[33m[39m
[90m│[39m  [33m578.28 kB[39m[22m[2m │ gzip: 159.21 kB[22m
[90m│[39m  [43mVite[49m
[90m│[39m  [2m../../../AppData/Local/Temp/chromatic--6196-PJjwKHCbfiYT/[22m[36massets/nested-option-DgWi6EN_.js[39m[1m[33m[39m
[90m│[39m  [33m769.93 kB[39m[22m[2m │ gzip: 218.91 kB[22m
[90m│[39m  [43mVite[49m
[90m│[39m  [2m../../../AppData/Local/Temp/chromatic--6196-PJjwKHCbfiYT/[22m[36massets/DocsRenderer-GHJI37HO-PlnSdy5-.js[39m[1m[33m[39m
[90m│[39m  [33m802.96 kB[39m[22m[2m │ gzip: 257.09 kB[22m
[90m│[39m  [43mVite[49m
[90m│[39m  [2m../../../AppData/Local/Temp/chromatic--6196-PJjwKHCbfiYT/[22m[36massets/iframe-CLoP3eBQ.js[39m
[90m│[39m  [36m[39m[1m[33m1,103.28 kB[39m[22m[2m │ gzip: 315.69 kB[22m
[90m│[39m  [43mVite[49m
[90m│[39m  [2m../../../AppData/Local/Temp/chromatic--6196-PJjwKHCbfiYT/[22m[36massets/17-NEXUS-DataGrid.stories-DI0FrLfx.js[39m
[90m│[39m  [36m[39m[1m[33m1,992.90 kB[39m[22m[2m │ gzip: 553.69 kB[22m
[90m│[39m
[33m▲[39m  [43mVite[49m[33m
[90m│[39m  (!) Some chunks are larger than 500 kB after minification. Consider:
[90m│[39m  - Using dynamic import() to code-split the application
[90m│[39m  - Use build.rollupOptions.output.manualChunks to improve chunking:
[90m│[39m  ]8;;https://rollupjs.org/configuration-options/#output-manualchunkshttps://rollupjs.org/configuration-options/#output-manualchunks]8;;
[90m│[39m  - Adjust chunk size limit for this warning via
[90m│[39m  build.chunkSizeWarningLimit.[39m
[90m│[39m  [43mVite[49m [32m✓ built in 25.10s[39m
[90m│[39m
[32m◇[39m  Output directory:
[90m│[39m  C:/Users/Joy/AppData/Local/Temp/chromatic--6196-PJjwKHCbfiYT
[90m│[39m
[90m└[39m  Storybook build completed successfully

